<?xml version="1.0" encoding="UTF-8"?>
<testng-results ignored="0" total="6" passed="6" failed="0" skipped="0">
  <reporter-output>
  </reporter-output>
  <suite started-at="2021-08-30T20:04:22 IST" name="Sample Suite" finished-at="2021-08-30T20:04:55 IST" duration-ms="33220">
    <groups>
    </groups>
    <test started-at="2021-08-30T20:04:22 IST" name="login positive scenario" finished-at="2021-08-30T20:04:35 IST" duration-ms="13456">
      <class name="SwaglabsTestCases.Loginpositivescenario">
        <test-method signature="initbrowser()[pri:1, instance:SwaglabsTestCases.Loginpositivescenario@183e8023]" started-at="2021-08-30T20:04:22 IST" name="initbrowser" finished-at="2021-08-30T20:04:27 IST" duration-ms="5455" status="PASS">
          <reporter-output>
          </reporter-output>
        </test-method> <!-- initbrowser -->
        <test-method signature="login()[pri:2, instance:SwaglabsTestCases.Loginpositivescenario@183e8023]" started-at="2021-08-30T20:04:27 IST" name="login" finished-at="2021-08-30T20:04:35 IST" duration-ms="7944" status="PASS">
          <reporter-output>
          </reporter-output>
        </test-method> <!-- login -->
      </class> <!-- SwaglabsTestCases.Loginpositivescenario -->
    </test> <!-- login positive scenario -->
    <test started-at="2021-08-30T20:04:35 IST" name="login negative scenario" finished-at="2021-08-30T20:04:39 IST" duration-ms="4266">
      <class name="SwaglabsTestCases.Loginnegativescenario">
        <test-method signature="initbrowser()[pri:1, instance:SwaglabsTestCases.Loginnegativescenario@5bfa8cc5]" started-at="2021-08-30T20:04:35 IST" name="initbrowser" finished-at="2021-08-30T20:04:39 IST" duration-ms="3473" status="PASS">
          <reporter-output>
          </reporter-output>
        </test-method> <!-- initbrowser -->
        <test-method signature="login()[pri:2, instance:SwaglabsTestCases.Loginnegativescenario@5bfa8cc5]" started-at="2021-08-30T20:04:39 IST" name="login" finished-at="2021-08-30T20:04:39 IST" duration-ms="784" status="PASS">
          <reporter-output>
          </reporter-output>
        </test-method> <!-- login -->
      </class> <!-- SwaglabsTestCases.Loginnegativescenario -->
    </test> <!-- login negative scenario -->
    <test started-at="2021-08-30T20:04:39 IST" name="Verify Product list" finished-at="2021-08-30T20:04:55 IST" duration-ms="15410">
      <class name="SwaglabsTestCases.Verifylistofproducts">
        <test-method is-config="true" signature="initreport()[pri:0, instance:SwaglabsTestCases.Verifylistofproducts@56c9bbd8]" started-at="2021-08-30T20:04:21 IST" name="initreport" finished-at="2021-08-30T20:04:22 IST" duration-ms="225" status="PASS">
          <reporter-output>
          </reporter-output>
        </test-method> <!-- initreport -->
        <test-method signature="initbrowser()[pri:1, instance:SwaglabsTestCases.Verifylistofproducts@56c9bbd8]" started-at="2021-08-30T20:04:39 IST" name="initbrowser" finished-at="2021-08-30T20:04:43 IST" duration-ms="3671" status="PASS">
          <reporter-output>
          </reporter-output>
        </test-method> <!-- initbrowser -->
        <test-method signature="login()[pri:2, instance:SwaglabsTestCases.Verifylistofproducts@56c9bbd8]" started-at="2021-08-30T20:04:43 IST" name="login" finished-at="2021-08-30T20:04:55 IST" duration-ms="11729" status="PASS">
          <reporter-output>
          </reporter-output>
        </test-method> <!-- login -->
        <test-method is-config="true" signature="endreport()[pri:0, instance:SwaglabsTestCases.Verifylistofproducts@56c9bbd8]" started-at="2021-08-30T20:04:55 IST" name="endreport" finished-at="2021-08-30T20:04:56 IST" duration-ms="641" status="PASS">
          <reporter-output>
          </reporter-output>
        </test-method> <!-- endreport -->
      </class> <!-- SwaglabsTestCases.Verifylistofproducts -->
    </test> <!-- Verify Product list -->
  </suite> <!-- Sample Suite -->
</testng-results>
